<?xml version="1.0" encoding="UTF-8"?>
<!-- Generated by org.testng.reporters.JUnitReportReporter -->
<testsuite hostname="LAPTOP-OCIA1DL8" failures="0" tests="1" name="demoPackage.LoginTest" time="9.090" errors="0" timestamp="2025-08-04T10:50:35 IST" skipped="0">
  <testcase classname="demoPackage.LoginTest" name="loginUsernameIncorrectPasswordCorrect" time="9.090"/>
</testsuite> <!-- demoPackage.LoginTest -->
